<?xml version="1.0" encoding="UTF-8"?>
<testng-results ignored="0" total="1" passed="1" failed="0" skipped="0">
  <reporter-output>
  </reporter-output>
  <suite started-at="2025-11-17T21:40:42 IST" name="Suite1" finished-at="2025-11-17T21:41:51 IST" duration-ms="69001">
    <groups>
    </groups>
    <test started-at="2025-11-17T21:40:42 IST" name="WelcomePage" finished-at="2025-11-17T21:41:51 IST" duration-ms="69001">
      <class name="com.android.tests.WelcomeMessage">
        <test-method is-config="true" signature="setUp()[pri:0, instance:com.android.tests.WelcomeMessage@15bb5034]" started-at="2025-11-17T21:40:42 IST" name="setUp" finished-at="2025-11-17T21:41:00 IST" duration-ms="17383" status="PASS">
          <reporter-output>
          </reporter-output>
        </test-method> <!-- setUp -->
        <test-method signature="welcomePage()[pri:0, instance:com.android.tests.WelcomeMessage@15bb5034]" started-at="2025-11-17T21:41:00 IST" name="welcomePage" finished-at="2025-11-17T21:41:51 IST" duration-ms="51565" status="PASS">
          <reporter-output>
          </reporter-output>
        </test-method> <!-- welcomePage -->
      </class> <!-- com.android.tests.WelcomeMessage -->
    </test> <!-- WelcomePage -->
  </suite> <!-- Suite1 -->
</testng-results>
